000 len 0001C710 (113 KiB): Retention RAM[0m
[0;32mI (371) heap_init: At 3FCDC710 len 00002950 (10 KiB): Retention RAM[0m
[0;32mI (378) heap_init: At 50000020 len 00001FC8 (7 KiB): RTCRAM[0m
[0;32mI (385) spi_flash: detected chip: generic[0m
[0;32mI (389) spi_flash: flash io: dio[0m
[0;32mI (394) sleep: Configure to isolate all GPIO pins in sleep state[0m
[0;32mI (400) sleep: Enable automatic switching of GPIO sleep configuration[0m
[0;32mI (407) main_task: Started on CPU0[0m
[0;32mI (411) main_task: Calling app_main()[0m
[0;32mI (420) FS: Mounted /storage[0m
[0;32mI (427) FS: Partition size: totalBytes: 2097152, usedBytes: 40960[0m
[0;32mI (428) FS: Particion montada[0m
[0;32mI (429) FS: Verificando existencia de directorios[0m
[0;32mI (435) FS: /storage/AutomaticJobs found in the filesystem.[0m
[0;32mI (440) FS: Carpeta AutomaticJobs encontrada[0m
[0;32mI (446) FS: /storage/Packets found in the filesystem.[0m
[0;32mI (451) FS: Carpeta PacketsReceived encontrada[0m
[0;32mI (457) FS: /storage/Measurements found in the filesystem.[0m
[0;32mI (462) FS: Carpeta Measurements encontrada[0m
[0;32mI (469) FS: /storage/Config found in the filesystem.[0m
[0;32mI (473) FS: Carpeta Config encontrada[0m
[0;32mI (481) FS: /storage/Config/deviceConfig.ini   Size: 467[0m
[0;32mI (486) FS: /storage/AutomaticJobs/jobs.bin   Size: 21[0m
[0;32mI (492) FS: /storage/AutomaticJobs/time.bin   Size: 8[0m
[0;32mI (499) TIME: Tiempo cargado[0m
[0;32mI (654) NET: Initializing NVS[0m
[0;32mI (661) NET: Starting event loop...[0m
[0;32mI (663) pp: pp rom version: 9387209[0m
[0;32mI (663) net80211: net80211 rom version: 9387209[0m
[0;32mI (672) NET: Setting Wi-Fi mode to station...[0m
[0;32mI (673) IO: calibration scheme version is Curve Fitting[0m
[0;32mI (675) IO: Calibration Success[0m
[0;32mI (679) gpio: GPIO[3]| InputEn: 0| OutputEn: 0| OpenDrain: 0| Pullup: 0| Pulldown: 0| Intr:0 [0m
[0;32mI (688) IO: IO inicializado correctamente.[0m
[0;32mI (693) gpio: GPIO[8]| InputEn: 0| OutputEn: 1| OpenDrain: 0| Pullup: 1| Pulldown: 0| Intr:0 [0m
[0;32mI (703) gpio: GPIO[0]| InputEn: 0| OutputEn: 1| OpenDrain: 0| Pullup: 0| Pulldown: 1| Intr:0 [0m
[0;32mI (711) gpio: GPIO[1]| InputEn: 0| OutputEn: 1| OpenDrain: 0| Pullup: 0| Pulldown: 1| Intr:0 [0m
[0;32mI (721) gpio: GPIO[2]| InputEn: 0| OutputEn: 1| OpenDrain: 0| Pullup: 0| Pulldown: 0| Intr:0 [0m
[0;32mI (780) gpio: GPIO[19]| InputEn: 1| OutputEn: 0| OpenDrain: 0| Pullup: 0| Pulldown: 0| Intr:0 [0m
[0;32mI (780) gpio: GPIO[18]| InputEn: 1| OutputEn: 0| OpenDrain: 0| Pullup: 0| Pulldown: 1| Intr:0 [0m
[0;32mI (788) SPI: Starting the SPI bus.[0m
[0;32mI (792) SPI: SPI Bus initialized correctly.[0m
[0;32mI (796) SPI: Adding the SPI device[0m
[0;32mI (801) SPI: The slave device was added correctly.[0m
[0;32mI (806) E22: SPI Configured correctly, initiating E22 task.[0m
[0;32mI (812) E22: Shutting down the E22.[0m
[5n
   _____              _______   ______   _         ____     _____   _____    _____ 
  / ____|     /\     |__   __| |  ____| | |       / __ \   / ____| |_   _|  / ____|
 | (___      /  \       | |    | |__    | |      | |  | | | |  __    | |   | |     
  \___ \    / /\ \      | |    |  __|   | |      | |  | | | | |_ |   | |   | |     
  ____) |  / ____ \     | |    | |____  | |____  | |__| | | |__| |  _| |_  | |____ 
 |_____/  /_/    \_\    |_|    |______| |______|  \____/   \_____| |_____|  \_____|


Type 'help' to get the list of commands.
Use UP/DOWN arrows to navigate through command history.
Press TAB when typing command name to auto-complete.

Your terminal application does not support escape sequences.

Line editing and history features are disabled.

On Windows, try using Putty instead.
SATE> [0n[0;32mI (1816) E22: E22 is busy, waiting for it to be ready.[0m
[0;32mI (1826) E22: E22 is busy, waiting for it to be ready.[0m
[0;32mI (1836) E22: E22 is busy, waiting for it to be ready.[0m
[0;32mI (1846) E22: E22 is busy, waiting for it to be ready.[0m
[0;32mI (1856) E22: E22 is busy, waiting for it to be ready.[0m
[0;32mI (1866) E22: E22 is busy, waiting for it to be ready.[0m
[0;32mI (1876) E22: E22 is busy, waiting for it to be ready.[0m
[0;32mI (1886) E22: E22 is busy, waiting for it to be ready.[0m
[0;32mI (1896) E22: E22 is busy, waiting for it to be ready.[0m
[0;32mI (1906) E22: E22 is busy, waiting for it to be ready.[0m
[0;32mI (1916) E22: E22 is busy, waiting for it to be ready.[0m
[0;32mI (1926) E22: E22 is busy, waiting for it to be ready.[0m
[0;32mI (1936) E22: E22 is busy, waiting for it to be ready.[0m
[0;32mI (1946) E22: E22 is busy, waiting for it to be ready.[0m
[0;32mI (1956) E22: E22 is busy, waiting for it to be ready.[0m
[0;32mI (1966) E22: E22 is busy, waiting for it to be ready.[0m
[0;32mI (1976) E22: E22 is busy, waiting for it to be ready.[0m
[0;32mI (1986) E22: E22 is busy, waiting for it to be ready.[0m
[0;32mI (1996) E22: E22 is busy, waiting for it to be ready.[0m
[0;32mI (2006) E22: E22 is busy, waiting for it to be ready.[0m
[0;32mI (2016) E22: E22 is busy, waiting for it to be ready.[0m
[0;32mI (2026) E22: E22 is busy, waiting for it to be ready.[0m
[0;32mI (2036) E22: E22 is busy, waiting for it to be ready.[0m
[0;32mI (2046) E22: E22 is busy, waiting for it to be ready.[0m
[0;32mI (2056) E22: E22 is busy, waiting for it to be ready.[0m
[0;32mI (2066) E22: E22 is busy, waiting for it to be ready.[0m
[0;32mI (2076) E22: E22 is busy, waiting for it to be ready.[0m
[0;32mI (2086) E22: E22 is busy, waiting for it to be ready.[0m
[0;32mI (2096) E22: E22 is busy, waiting for it to be ready.[0m
[0;32mI (2106) E22: E22 is busy, waiting for it to be ready.[0m
[0;32mI (2116) E22: E22 is busy, waiting for it to be ready.[0m
[0;32mI (2126) E22: E22 is busy, waiting for it to be ready.[0m
[0;32mI (2136) E22: E22 is busy, waiting for it to be ready.[0m
[0;32mI (2146) E22: E22 is busy, waiting for it to be ready.[0m
[0;32mI (2156) E22: E22 is busy, waiting for it to be ready.[0m
[0;32mI (2166) E22: E22 is busy, waiting for it to be ready.[0m
[0;32mI (2176) E22: E22 is busy, waiting for it to be ready.[0m
[0;32mI (2186) E22: E22 is busy, waiting for it to be ready.[0m
[0;32mI (2196) E22: E22 is busy, waiting for it to be ready.[0m
[0;32mI (2206) E22: E22 is busy, waiting for it to be ready.[0m
[0;32mI (2216) E22: E22 is busy, waiting for it to be ready.[0m
[0;32mI (2226) E22: E22 is busy, waiting for it to be ready.[0m
[0;32mI (2236) E22: E22 is busy, waiting for it to be ready.[0m
[0;32mI (2246) E22: E22 is busy, waiting for it to be ready.[0m
[0;32mI (2256) E22: E22 is busy, waiting for it to be ready.[0m
[0;32mI (2266) E22: E22 is busy, waiting for it to be ready.[0m
[0;32mI (2276) E22: E22 is busy, waiting for it to be ready.[0m
[0;32mI (2286) E22: E22 is busy, waiting for it to be ready.[0m
[0;32mI (2296) E22: E22 is busy, waiting for it to be ready.[0m
[0;32mI (2306) E22: E22 is busy, waiting for it to be ready.[0m
[0;32mI (2316) E22: E22 is busy, waiting for it to be ready.[0m
[0;32mI (2326) E22: E22 is busy, waiting for it to be ready.[0m
[0;32mI (2336) E22: E22 is busy, waiting for it to be ready.[0m
[0;32mI (2346) E22: E22 is busy, waiting for it to be ready.[0m
[0;32mI (2356) E22: E22 is busy, waiting for it to be ready.[0m
[0;32mI (2364) Main: Modo NONE[0m
[0;32mI (2366) E22: E22 is busy, waiting for it to be ready.[0m
[0;32mI (2376) E22: E22 is busy, waiting for it to be ready.[0m
[0;32mI (2386) E22: E22 is busy, waiting for it to be ready.[0m
[0;32mI (2396) E22: E22 is busy, waiting for it to be ready.[0m
[0;32mI (2406) E22: E22 is busy, waiting for it to be ready.[0m
[0;32mI (2416) E22: E22 is busy, waiting for it to be ready.[0m
[0;32mI (2426) E22: E22 is busy, waiting for it to be ready.[0m
[0;32mI (2436) E22: E22 is busy, waiting for it to be ready.[0m
[0;32mI (2446) E22: E22 is busy, waiting for it to be ready.[0m
[0;32mI (2456) E22: E22 is busy, waiting for it to be ready.[0m
[0;32mI (2466) E22: E22 is busy, waiting for it to be ready.[0m
[0;32mI (2476) E22: E22 is busy, waiting for it to be ready.[0m
[0;32mI (2486) E22: E22 is busy, waiting for it to be ready.[0m
[0;32mI (2496) E22: E22 is busy, waiting for it to be ready.[0m
[0;32mI (2506) E22: E22 is busy, waiting for it to be ready.[0m
[0;32mI (2516) E22: E22 is busy, waiting for it to be ready.[0m
[0;32mI (2526) E22: E22 is busy, waiting for it to be ready.[0m
[0;32mI (2536) E22: E22 is busy, waiting for it to be ready.[0m
[0;32mI (2546) E22: E22 is busy, waiting for it to be ready.[0m
[0;32mI (2556) E22: E22 is busy, waiting for it to be ready.[0m
[0;32mI (2566) E22: E22 is busy, waiting for it to be ready.[0m
[0;32mI (2576) E22: E22 is busy, waiting for it to be ready.[0m
[0;32mI (2586) E22: E22 is busy, waiting for it to be ready.[0m
[0;32mI (2596) E22: E22 is busy, waiting for it to be ready.[0m
[0;32mI (2606) E22: E22 is busy, waiting for it to be ready.[0m
[0;32mI (2616) E22: E22 is busy, waiting for it to be ready.[0m
[0;32mI (2626) E22: E22 is busy, waiting for it to be ready.[0m
[0;32mI (2636) E22: E22 is busy, waiting for it to be ready.[0m
[0;32mI (2646) E22: E22 is busy, waiting for it to be ready.[0m
[0;32mI (2656) E22: E22 is busy, waiting for it to be ready.[0m
[0;32mI (2666) E22: E22 is busy, waiting for it to be ready.[0m
[0;32mI (2676) E22: E22 is busy, waiting for it to be ready.[0m
[0;32mI (2686) E22: E22 is busy, waiting for it to be ready.[0m
[0;32mI (2696) E22: E22 is busy, waiting for it to be ready.[0m
[0;32mI (2706) E22: E22 is busy, waiting for it to be ready.[0m
[0;32mI (2716) E22: E22 is busy, waiting for it to be ready.[0m
[0;32mI (2726) E22: E22 is busy, waiting for it to be ready.[0m
[0;32mI (2736) E22: E22 is busy, waiting for it to be ready.[0m
[0;32mI (2746) E22: E22 is busy, waiting for it to be ready.[0m
[0;32mI (2756) E22: E22 is busy, waiting for it to be ready.[0m
[0;32mI (2766) E22: E22 is busy, waiting for it to be ready.[0m
[0;32mI (2776) E22: E22 is busy, waiting for it to be ready.[0m
[0;32mI (2786) E22: E22 is busy, waiting for it to be ready.[0m
[0;32mI (2796) E22: E22 is busy, waiting for it to be ready.[0m
[0;32mI (2806) E22: E22 is busy, waiting for it to be ready.[0m
[0;32mI (2816) E22: E22 is busy, waiting for it to be ready.[0m
[0;32mI (2826) E22: E22 is busy, waiting for it to be ready.[0m
[0;32mI (2836) E22: E22 is busy, waiting for it to be ready.[0m
[0;32mI (2846) E22: E22 is busy, waiting for it to be ready.[0m
[0;32mI (2856) E22: E22 is busy, waiting for it to be ready.[0m
[0;32mI (2866) E22: E22 is busy, waiting for it to be ready.[0m
[0;32mI (2876) E22: E22 is busy, waiting for it to be ready.[0m
[0;32mI (2886) E22: E22 is busy, waiting for it to be ready.[0m
[0;32mI (2896) E22: E22 is busy, waiting for it to be ready.[0m
[0;32mI (2906) E22: E22 is busy, waiting for it to be ready.[0m
[0;32mI (2916) E22: E22 is busy, waiting for it to be ready.[0m
[0;32mI (2926) E22: E22 is busy, waiting for it to be ready.[0m
[0;32mI (2936) E22: E22 is busy, waiting for it to be ready.[0m
[0;32mI (2946) E22: E22 is busy, waiting for it to be ready.[0m
[0;32mI (2956) E22: E22 is busy, waiting for it to be ready.[0m
[0;32mI (2966) E22: E22 is busy, waiting for it to be ready.[0m
[0;32mI (2976) E22: E22 is busy, waiting for it to be ready.[0m
[0;32mI (2986) E22: E22 is busy, waiting for it to be ready.[0m
[0;32mI (2996) E22: E22 is busy, waiting for it to be ready.[0m
[0;32mI (3006) E22: E22 is busy, waiting for it to be ready.[0m
[0;32mI (3016) E22: E22 is busy, waiting for it to be ready.[0m
[0;32mI (3026) E22: E22 is busy, waiting for it to be ready.[0m
[0;32mI (3036) E22: E22 is busy, waiting for it to be ready.[0m
[0;32mI (3046) E22: E22 is busy, waiting for it to be ready.[0m
[0;32mI (3056) E22: E22 is busy, waiting for it to be ready.[0m
[0;32mI (3066) E22: E22 is busy, waiting for it to be ready.[0m
[0;32mI (3076) E22: E22 is busy, waiting for it to be ready.[0m
[0;32mI (3086) E22: E22 is busy, waiting for it to be ready.[0m
[0;32mI (3096) E22: E22 is busy, waiting for it to be ready.[0m
[0;32mI (3106) E22: E22 is busy, waiting for it to be ready.[0m
[0;32mI (3116) E22: E22 is busy, waiting for it to be ready.[0m
[0;32mI (3126) E22: E22 is busy, waiting for it to be ready.[0m
[0;32mI (3136) E22: E22 is busy, waiting for it to be ready.[0m
[0;32mI (3146) E22: E22 is busy, waiting for it to be ready.[0m
[0;32mI (3156) E22: E22 is busy, waiting for it to be ready.[0m
[0;32mI (3166) E22: E22 is busy, waiting for it to be ready.[0m
[0;32mI (3176) E22: E22 is busy, waiting for it to be ready.[0m
[0;32mI (3186) E22: E22 is busy, waiting for it to be ready.[0m
[0;32mI (3196) E22: E22 is busy, waiting for it to be ready.[0m
[0;32mI (3206) E22: E22 is busy, waiting for it to be ready.[0m
[0;32mI (3216) E22: E22 is busy, waiting for it to be ready.[0m
[0;32mI (3226) E22: E22 is busy, waiting for it to be ready.[0m
[0;32mI (3236) E22: E22 is busy, waiting for it to be ready.[0m
[0;32mI (3246) E22: E22 is busy, waiting for it to be ready.[0m
[0;32mI (3256) E22: E22 is busy, waiting for it to be ready.[0m
[0;32mI (3266) E22: E22 is busy, waiting for it to be ready.[0m
[0;32mI (3276) E22: E22 is busy, waiting for it to be ready.[0m
[0;32mI (3286) E22: E22 is busy, waiting for it to be ready.[0m
[0;32mI (3296) E22: E22 is busy, waiting for it to be ready.[0m
[0;32mI (3306) E22: E22 is busy, waiting for it to be ready.[0m
[0;32mI (3316) E22: E22 is busy, waiting for it to be ready.[0m
[0;32mI (3326) E22: E22 is busy, waiting for it to be ready.[0m
[0;32mI (3336) E22: E22 is busy, waiting for it to be ready.[0m
[0;32mI (3346) E22: E22 is busy, waiting for it to be ready.[0m
[0;32mI (3356) E22: E22 is busy, waiting for it to be ready.[0m
[0;32mI (3366) E22: E22 is busy, waiting for it to be ready.[0m
[0;32mI (3376) E22: E22 is busy, waiting for it to be ready.[0m
[0;32mI (3386) E22: E22 is busy, waiting for it to be ready.[0m
[0;32mI (3396) E22: E22 is busy, waiting for it to be ready.[0m
[0;32mI (3406) E22: E22 is busy, waiting for it to be ready.[0m
[0;32mI (3416) E22: E22 is busy, waiting for it to be ready.[0m
[0;32mI (3426) E22: E22 is busy, waiting for it to be ready.[0m
[0;32mI (3436) E22: E22 is busy, waiting for it to be ready.[0m
[0;32mI (3446) E22: E22 is busy, waiting for it to be ready.[0m
[0;32mI (3456) E22: E22 is busy, waiting for it to be ready.[0m
[0;32mI (3466) E22: E22 is busy, waiting for it to be ready.[0m
[0;32mI (3476) E22: E22 is busy, waiting for it to be ready.[0m
[0;32mI (3486) E22: E22 is busy, waiting for it to be ready.[0m
[0;32mI (3496) E22: E22 is busy, waiting for it to be ready.[0m
[0;32mI (3506) E22: E22 is busy, waiting for it to be ready.[0m
[0;32mI (3516) E22: E22 is busy, waiting for it to be ready.[0m
[0;32mI (3526) E22: E22 is busy, waiting for it to be ready.[0m
[0;32mI (3536) E22: E22 is busy, waiting for it to be ready.[0m
[0;32mI (3546) E22: E22 is busy, waiting for it to be ready.[0m
[0;32mI (3556) E22: E22 is busy, waiting for it to be ready.[0m
[0;32mI (3566) E22: E22 is busy, waiting for it to be ready.[0m
[0;32mI (3576) E22: E22 is busy, waiting for it to be ready.[0m
[0;32mI (3586) E22: E22 is busy, waiting for it to be ready.[0m
[0;32mI (3596) E22: E22 is busy, waiting for it to be ready.[0m
[0;32mI (3606) E22: E22 is busy, waiting for it to be ready.[0m
[0;32mI (3616) E22: E22 is busy, waiting for it to be ready.[0m
[0;32mI (3626) E22: E22 is busy, waiting for it to be ready.[0m
[0;32mI (3636) E22: E22 is busy, waiting for it to be ready.[0m
[0;32mI (3646) E22: E22 is busy, waiting for it to be ready.[0m
[0;32mI (3656) E22: E22 is busy, waiting for it to be ready.[0m
[0;32mI (3666) E22: E22 is busy, waiting for it to be ready.[0m
[0;32mI (3676) E22: E22 is busy, waiting for it to be ready.[0m
[0;32mI (3686) E22: E22 is busy, waiting for it to be ready.[0m
[0;32mI (3696) E22: E22 is busy, waiting for it to be ready.[0m
[0;32mI (3706) E22: E22 is busy, waiting for it to be ready.[0m
[0;32mI (3716) E22: E22 is busy, waiting for it to be ready.[0m
[0;32mI (3726) E22: E22 is busy, waiting for it to be ready.[0m
[0;32mI (3736) E22: E22 is busy, waiting for it to be ready.[0m
[0;32mI (3746) E22: E22 is busy, waiting for it to be ready.[0m
[0;32mI (3756) E22: E22 is busy, waiting for it to be ready.[0m
[0;32mI (3766) E22: E22 is busy, waiting for it to be ready.[0m
[0;32mI (3776) E22: E22 is busy, waiting for it to be ready.[0m
[0;32mI (3786) E22: E22 is busy, waiting for it to be ready.[0m
[0;32mI (3796) E22: E22 is busy, waiting for it to be ready.[0m
[0;32mI (3806) E22: E22 is busy, waiting for it to be ready.[0m
[0;32mI (3816) E22: E22 is busy, waiting for it to be ready.[0m
[0;32mI (3826) E22: E22 is busy, waiting for it to be ready.[0m
[0;32mI (3836) E22: E22 is busy, waiting for it to be ready.[0m
[0;32mI (3846) E22: E22 is busy, waiting for it to be ready.[0m
[0;32mI (3856) E22: E22 is busy, waiting for it to be ready.[0m
[0;32mI (3866) E22: E22 is busy, waiting for it to be ready.[0m
[0;32mI (3876) E22: E22 is busy, waiting for it to be ready.[0m
[0;32mI (3886) E22: E22 is busy, waiting for it to be ready.[0m
[0;32mI (3896) E22: E22 is busy, waiting for it to be ready.[0m
[0;32mI (3906) E22: E22 is busy, waiting for it to be ready.[0m
[0;32mI (3916) E22: E22 is busy, waiting for it to be ready.[0m
[0;32mI (3926) E22: E22 is busy, waiting for it to be ready.[0m
[0;32mI (3936) E22: E22 is busy, waiting for it to be ready.[0m
[0;32mI (3946) E22: E22 is busy, waiting for it to be ready.[0m
[0;32mI (3956) E22: E22 is busy, waiting for it to be ready.[0m
[0;32mI (3966) E22: E22 is busy, waiting for it to be ready.[0m
[0;32mI (3976) E22: E22 is busy, waiting for it to be ready.[0m
[0;32mI (3986) E22: E22 is busy, waiting for it to be ready.[0m
[0;32mI (3996) E22: E22 is busy, waiting for it to be ready.[0m
[0;32mI (4006) E22: E22 is busy, waiting for it to be ready.[0m
[0;32mI (4016) E22: E22 is busy, waiting for it to be ready.[0m
[0;32mI (4026) E22: E22 is busy, waiting for it to be ready.[0m
[0;32mI (4036) E22: E22 is busy, waiting for it to be ready.[0m
[0;32mI (4046) E22: E22 is busy, waiting for it to be ready.[0m
[0;32mI (4056) E22: E22 is busy, waiting for it to be ready.[0m
[0;32mI (4066) E22: E22 is busy, waiting for it to be ready.[0m
[0;32mI (4076) E22: E22 is busy, waiting for it to be ready.[0m
[0;32mI (4086) E22: E22 is busy, waiting for it to be ready.[0m
[0;32mI (4096) E22: E22 is busy, waiting for it to be ready.[0m
[0;32mI (4106) E22: E22 is busy, waiting for it to be ready.[0m
[0;32mI (4116) E22: E22 is busy, waiting for it to be ready.[0m
[0;32mI (4126) E22: E22 is busy, waiting for it to be ready.[0m
[0;32mI (4136) E22: E22 is busy, waiting for it to be ready.[0m
[0;32mI (4146) E22: E22 is busy, waiting for it to be ready.[0m
[0;32mI (4156) E22: E22 is busy, waiting for it to be ready.[0m
[0;32mI (4166) E22: E22 is busy, waiting for it to be ready.[0m
[0;32mI (4176) E22: E22 is busy, waiting for it to be ready.[0m
[0;32mI (4186) E22: E22 is busy, waiting for it to be ready.[0m
[0;32mI (4196) E22: E22 is busy, waiting for it to be ready.[0m
[0;32mI (4206) E22: E22 is busy, waiting for it to be ready.[0m
[0;32mI (4216) E22: E22 is busy, waiting for it to be ready.[0m
[0;32mI (4226) E22: E22 is busy, waiting for it to be ready.[0m
[0;32mI (4236) E22: E22 is busy, waiting for it to be ready.[0m
[0;32mI (4246) E22: E22 is busy, waiting for it to be ready.[0m
[0;32mI (4256) E22: E22 is busy, waiting for it to be ready.[0m
[0;32mI (4266) E22: E22 is busy, waiting for it to be ready.[0m
[0;32mI (4276) E22: E22 is busy, waiting for it to be ready.[0m
[0;32mI (4286) E22: E22 is busy, waiting for it to be ready.[0m
[0;32mI (4296) E22: E22 is busy, waiting for it to be ready.[0m
[0;32mI (4306) E22: E22 is busy, waiting for it to be ready.[0m
[0;32mI (4316) E22: E22 is busy, waiting for it to be ready.[0m
[0;32mI (4326) E22: E22 is busy, waiting for it to be ready.[0m
[0;32mI (4336) E22: E22 is busy, waiting for it to be ready.[0m
[0;32mI (4346) E22: E22 is busy, waiting for it to be ready.[0m
[0;32mI (4356) E22: E22 is busy, waiting for it to be ready.[0m
[0;32mI (4366) E22: E22 is busy, waiting for it to be ready.[0m
[0;32mI (4376) E22: E22 is busy, waiting for it to be ready.[0m
[0;32mI (4386) E22: E22 is busy, waiting for it to be ready.[0m
[0;32mI (4396) E22: E22 is busy, waiting for it to be ready.[0m
[0;32mI (4406) E22: E22 is busy, waiting for it to be ready.[0m
[0;32mI (4416) E22: E22 is busy, waiting for it to be ready.[0m
[0;32mI (4426) E22: E22 is busy, waiting for it to be ready.[0m
[0;32mI (4436) E22: E22 is busy, waiting for it to be ready.[0m
[0;32mI (4446) E22: E22 is busy, waiting for it to be ready.[0m
[0;32mI (4456) E22: E22 is busy, waiting for it to be ready.[0m
[0;32mI (4466) E22: E22 is busy, waiting for it to be ready.[0m
[0;32mI (4476) E22: E22 is busy, waiting for it to be ready.[0m
[0;32mI (4486) E22: E22 is busy, waiting for it to be ready.[0m
[0;32mI (4496) E22: E22 is busy, waiting for it to be ready.[0m
[0;32mI (4506) E22: E22 is busy, waiting for it to be ready.[0m
[0;32mI (4516) E22: E22 is busy, waiting for it to be ready.[0m
[0;32mI (4526) E22: E22 is busy, waiting for it to be ready.[0m
[0;32mI (4536) E22: E22 is busy, waiting for it to be ready.[0m
[0;32mI (4546) E22: E22 is busy, waiting for it to be ready.[0m
[0;32mI (4556) E22: E22 is busy, waiting for it to be ready.[0m
[0;32mI (4566) E22: E22 is busy, waiting for it to be ready.[0m
[0;32mI (4576) E22: E22 is busy, waiting for it to be ready.[0m
[0;32mI (4586) E22: E22 is busy, waiting for it to be ready.[0m
[0;32mI (4596) E22: E22 is busy, waiting for it to be ready.[0m
[0;32mI (4606) E22: E22 is busy, waiting for it to be ready.[0m
[0;32mI (4616) E22: E22 is busy, waiting for it to be ready.[0m
[0;32mI (4626) E22: E22 is busy, waiting for it to be ready.[0m
[0;32mI (4636) E22: E22 is busy, waiting for it to be ready.[0m
[0;32mI (4646) E22: E22 is busy, waiting for it to be ready.[0m
[0;32mI (4656) E22: E22 is busy, waiting for it to be ready.[0m
[0;32mI (4666) E22: E22 is busy, waiting for it to be ready.[0m
[0;32mI (4676) E22: E22 is busy, waiting for it to be ready.[0m
[0;32mI (4686) E22: E22 is busy, waiting for it to be ready.[0m
[0;32mI (4696) E22: E22 is busy, waiting for it to be ready.[0m
[0;32mI (4706) E22: E22 is busy, waiting for it to be ready.[0m
[0;32mI (4716) E22: E22 is busy, waiting for it to be ready.[0m
[0;32mI (4726) E22: E22 is busy, waiting for it to be ready.[0m
[0;32mI (4736) E22: E22 is busy, waiting for it to be ready.[0m
[0;32mI (4746) E22: E22 is busy, waiting for it to be ready.[0m
[0;32mI (4756) E22: E22 is busy, waiting for it to be ready.[0m
[0;32mI (4766) E22: E22 is busy, waiting for it to be ready.[0m
[0;32mI (4776) E22: E22 is busy, waiting for it to be ready.[0m
[0;32mI (4786) E22: E22 is busy, waiting for it to be ready.[0m
[0;32mI (4796) E22: E22 is busy, waiting for it to be ready.[0m
[0;32mI (4806) E22: E22 is busy, waiting for it to be ready.[0m
[0;32mI (4816) E22: E22 is busy, waiting for it to be ready.[0m
[0;32mI (4826) E22: E22 is busy, waiting for it to be ready.[0m
[0;32mI (4836) E22: E22 is busy, waiting for it to be ready.[0m
[0;32mI (4846) E22: E22 is busy, waiting for it to be ready.[0m
[0;32mI (4856) E22: E22 is busy, waiting for it to be ready.[0m
[0;32mI (4866) E22: E22 is busy, waiting for it to be ready.[0m
[0;32mI (4876) E22: E22 is busy, waiting for it to be ready.[0m
[0;32mI (4886) E22: E22 is busy, waiting for it to be ready.[0m
[0;32mI (4896) E22: E22 is busy, waiting for it to be ready.[0m
[0;32mI (4906) E22: E22 is busy, waiting for it to be ready.[0m
[0;32mI (4916) E22: E22 is busy, waiting for it to be ready.[0m
[0;32mI (4926) E22: E22 is busy, waiting for it to be ready.[0m
[0;32mI (4936) E22: E22 is busy, waiting for it to be ready.[0m
[0;32mI (4946) E22: E22 is busy, waiting for it to be ready.[0m
[0;32mI (4956) E22: E22 is busy, waiting for it to be ready.[0m
[0;32mI (4966) E22: E22 is busy, waiting for it to be ready.[0m
[0;32mI (4976) E22: E22 is busy, waiting for it to be ready.[0m
[0;32mI (4986) E22: E22 is busy, waiting for it to be ready.[0m
[0;32mI (4996) E22: E22 is busy, waiting for it to be ready.[0m
[0;32mI (5006) E22: E22 is busy, waiting for it to be ready.[0m
[0;32mI (5016) E22: E22 is busy, waiting for it to be ready.[0m
[0;32mI (5026) E22: E22 is busy, waiting for it to be ready.[0m
[0;32mI (5036) E22: E22 is busy, waiting for it to be ready.[0m
[0;32mI (5046) E22: E22 is busy, waiting for it to be ready.[0m
[0;32mI (5056) E22: E22 is busy, waiting for it to be ready.[0m
[0;32mI (5066) E22: E22 is busy, waiting for it to be ready.[0m
[0;32mI (5076) E22: E22 is busy, waiting for it to be ready.[0m
[0;32mI (5086) E22: E22 is busy, waiting for it to be ready.[0m
[0;32mI (5096) E22: E22 is busy, waiting for it to be ready.[0m
[0;32mI (5106) E22: E22 is busy, waiting for it to be ready.[0m
[0;32mI (5116) E22: E22 is busy, waiting for it to be ready.[0m
[0;32mI (5126) E22: E22 is busy, waiting for it to be ready.[0m
[0;32mI (5136) E22: E22 is busy, waiting for it to be ready.[0m
[0;32mI (5146) E22: E22 is busy, waiting for it to be ready.[0m
[0;32mI (5156) E22: E22 is busy, waiting for it to be ready.[0m
[0;32mI (5166) E22: E22 is busy, waiting for it to be ready.[0m
[0;32mI (5176) E22: E22 is busy, waiting for it to be ready.[0m
[0;32mI (5186) E22: E22 is busy, waiting for it to be ready.[0m
[0;32mI (5196) E22: E22 is busy, waiting for it to be ready.[0m
[0;32mI (5206) E22: E22 is busy, waiting for it to be ready.[0m
[0;32mI (5216) E22: E22 is busy, waiting for it to be ready.[0m
[0;32mI (5226) E22: E22 is busy, waiting for it to be ready.[0m
[0;32mI (5236) E22: E22 is busy, waiting for it to be ready.[0m
[0;32mI (5246) E22: E22 is busy, waiting for it to be ready.[0m
[0;32mI (5256) E22: E22 is busy, waiting for it to be ready.[0m
[0;32mI (5266) E22: E22 is busy, waiting for it to be ready.[0m
[0;32mI (5276) E22: E22 is busy, waiting for it to be ready.[0m
[0;32mI (5286) E22: E22 is busy, waiting for it to be ready.[0m
[0;32mI (5296) E22: E22 is busy, waiting for it to be ready.[0m
[0;32mI (5306) E22: E22 is busy, waiting for it to be ready.[0m
[0;32mI (5316) E22: E22 is busy, waiting for it to be ready.[0m
[0;32mI (5326) E22: E22 is busy, waiting for it to be ready.[0m
ESP-ROM:esp32c3-api1-20210207
Build:Feb  7 2021
rst:0x1 (POWERON),boot:0x5 (DOWNLOAD(USB/UART0/1))
waiting for download
