Change Component Footprint: Designator=C1 Old Footprint=CAPAE7066X54M New Footprint=KEMET Case D
Change Component Footprint: Designator=C2 Old Footprint=CAPAE7066X54M New Footprint=KEMET Case D
Change Component Footprint: Designator=C3 Old Footprint=CAPAE7066X54M New Footprint=KEMET Case D
Added Component: Designator=Rpd1(RES0805)
Add component (AddParameter): Name = "LatestRevisionDate"; Value = "17-Jul-2002"; VariantName = "[No Variations]"
Add component (AddParameter): Name = "LatestRevisionNote"; Value = "Re-released for DXP Platform."; VariantName = "[No Variations]"
Add component (AddParameter): Name = "LCSC Part #"; Value = "C2074219"; VariantName = "[No Variations]"
Add component (AddParameter): Name = "PackageDescription"; Value = "0805"; VariantName = "[No Variations]"
Add component (AddParameter): Name = "PackageReference"; Value = "0805"; VariantName = "[No Variations]"
Add component (AddParameter): Name = "Published"; Value = "8-Jun-2000"; VariantName = "[No Variations]"
Add component (AddParameter): Name = "Publisher"; Value = "Altium Limited"; VariantName = "[No Variations]"
Add component (AddParameter): Name = "Value"; Value = "10K"; VariantName = "[No Variations]"
Added Component: Designator=Rpd2(RES0805)
Add component (AddParameter): Name = "LatestRevisionDate"; Value = "17-Jul-2002"; VariantName = "[No Variations]"
Add component (AddParameter): Name = "LatestRevisionNote"; Value = "Re-released for DXP Platform."; VariantName = "[No Variations]"
Add component (AddParameter): Name = "LCSC Part #"; Value = "C2074219"; VariantName = "[No Variations]"
Add component (AddParameter): Name = "PackageDescription"; Value = "0805"; VariantName = "[No Variations]"
Add component (AddParameter): Name = "PackageReference"; Value = "0805"; VariantName = "[No Variations]"
Add component (AddParameter): Name = "Published"; Value = "8-Jun-2000"; VariantName = "[No Variations]"
Add component (AddParameter): Name = "Publisher"; Value = "Altium Limited"; VariantName = "[No Variations]"
Add component (AddParameter): Name = "Value"; Value = "10k"; VariantName = "[No Variations]"
Added Component: Designator=Rpd3(RES0805)
Add component (AddParameter): Name = "LatestRevisionDate"; Value = "17-Jul-2002"; VariantName = "[No Variations]"
Add component (AddParameter): Name = "LatestRevisionNote"; Value = "Re-released for DXP Platform."; VariantName = "[No Variations]"
Add component (AddParameter): Name = "LCSC Part #"; Value = "C2074219"; VariantName = "[No Variations]"
Add component (AddParameter): Name = "PackageDescription"; Value = "0805"; VariantName = "[No Variations]"
Add component (AddParameter): Name = "PackageReference"; Value = "0805"; VariantName = "[No Variations]"
Add component (AddParameter): Name = "Published"; Value = "8-Jun-2000"; VariantName = "[No Variations]"
Add component (AddParameter): Name = "Publisher"; Value = "Altium Limited"; VariantName = "[No Variations]"
Add component (AddParameter): Name = "Value"; Value = "10k"; VariantName = "[No Variations]"
Added Pin To Net: NetName=GND Pin=Rpd1-1
Added Pin To Net: NetName=MISO Pin=Rpd1-2
Added Pin To Net: NetName=GND Pin=Rpd2-1
Added Pin To Net: NetName=CSE22 Pin=Rpd2-2
Added Pin To Net: NetName=GND Pin=Rpd3-1
Added Pin To Net: NetName=CSSensor Pin=Rpd3-2
Added Member To Class: ClassName=U_Microcontroller Member=Component Rpd1 Res2
Added Member To Class: ClassName=U_Microcontroller Member=Component Rpd2 Res2
Added Member To Class: ClassName=U_Microcontroller Member=Component Rpd3 Res2
