Added Parameter LCSC Part #=C170878 to Part R2
Added Parameter LCSC Part #=C416040 to Part R1
Added Parameter LCSC Part #=C2074219 to Part R3
Added Parameter LCSC Part #=C2074219 to Part R4
Added Parameter LCSC Part #=C2074219 to Part R5
Added Parameter LCSC Part #=C2074219 to Part R6
Added Parameter LCSC Part #=C2074219 to Part R7
Added Parameter LCSC Part #=C2074219 to Part R8
Added Parameter LCSC Part #=C2074219 to Part R9
Added Parameter LCSC Part #=C2074219 to Part R10
Added Parameter LCSC Part #=C2074219 to Part R11
Added Parameter LCSC Part #=C2074219 to Part R12
Added Parameter LCSC Part #=C2074219 to Part RP
Added Parameter LCSC Part #= to Part ALEXT
Added Parameter LCSC Part #= to Part ANT
Added Parameter LCSC Part #= to Part C1
Added Parameter LCSC Part #= to Part C2
Added Parameter LCSC Part #= to Part C3
Added Parameter LCSC Part #= to Part C4
Added Parameter LCSC Part #= to Part C5
Added Parameter LCSC Part #= to Part C6
Added Parameter LCSC Part #= to Part C7
Added Parameter LCSC Part #= to Part C8
Added Parameter LCSC Part #= to Part C9
Added Parameter LCSC Part #= to Part C10
Added Parameter LCSC Part #= to Part D1
Added Parameter LCSC Part #= to Part D2
Added Parameter LCSC Part #= to Part D3
Added Parameter LCSC Part #= to Part IC1
Added Parameter LCSC Part #= to Part IC2
Added Parameter LCSC Part #= to Part IC3
Added Parameter LCSC Part #= to Part L1
Added Parameter LCSC Part #= to Part R13
Added Parameter LCSC Part #= to Part R14
Added Parameter LCSC Part #= to Part SENSORADC
Added Parameter LCSC Part #= to Part SENSORSPI
Added Parameter LCSC Part #= to Part UART
