Removed Pin From Net: NetName=ADC Pin=SENSORADC-3
Removed Pin From Net: NetName=GND Pin=SENSORSPI-1
Removed Pin From Net: NetName=CSSensor Pin=SENSORSPI-2
Removed Pin From Net: NetName=MISO Pin=SENSORSPI-3
Removed Pin From Net: NetName=MOSI Pin=SENSORSPI-4
Removed Pin From Net: NetName=SCK Pin=SENSORSPI-5
Removed Pin From Net: NetName=UARTRX Pin=UART-2
Removed Pin From Net: NetName=UARTTX Pin=UART-3
Added Pin To Net: NetName=NetC5_2 Pin=C8-2
Added Pin To Net: NetName=NetC5_2 Pin=IC3-9
Added Pin To Net: NetName=NetC5_2 Pin=IC3-10
Added Pin To Net: NetName=NetC5_2 Pin=R15-2
Added Pin To Net: NetName=NetC5_2 Pin=RP-1
Added Pin To Net: NetName=ADC Pin=SENSORADC-2
Added Pin To Net: NetName=NetC5_2 Pin=SENSORADC-3
Added Pin To Net: NetName=NetC5_2 Pin=SENSORSPI-1
Added Pin To Net: NetName=SCK Pin=SENSORSPI-2
Added Pin To Net: NetName=MOSI Pin=SENSORSPI-3
Added Pin To Net: NetName=MISO Pin=SENSORSPI-4
Added Pin To Net: NetName=CSSensor Pin=SENSORSPI-5
Added Pin To Net: NetName=GND Pin=SENSORSPI-6
Added Pin To Net: NetName=UARTTX Pin=UART-2
Added Pin To Net: NetName=UARTRX Pin=UART-3
Change Net Name : Old Net Name=NetC5_2 New Net Name=5V
Change Net Color : Old Net Color=RGB(158, 161, 117) New Net Color=Red
